<?xml version="1.0" encoding="utf-8"?><testsuites name="pytest tests"><testsuite name="pytest" errors="0" failures="0" skipped="0" tests="1689" time="108.244" timestamp="2026-05-15T21:27:52.737046+00:00" hostname="338f905b7e96"><testcase classname="apps.gamification.tests.test_models.TestBadge" name="test_badge_can_be_created" time="16.776" /><testcase classname="apps.gamification.tests.test_models.TestBadge" name="test_criteria_threshold_defaults_to_zero" time="0.004" /><testcase classname="apps.gamification.tests.test_models.TestBadge" name="test_badge_name_must_be_unique" time="0.028" /><testcase classname="apps.gamification.tests.test_models.TestBadge" name="test_all_criteria_types_are_accepted" time="0.007" /><testcase classname="apps.gamification.tests.test_models.TestBadge" name="test_str_returns_name" time="0.004" /><testcase classname="apps.gamification.tests.test_models.TestUserBadge" name="test_user_badge_can_be_created" time="0.026" /><testcase classname="apps.gamification.tests.test_models.TestUserBadge" name="test_awarded_at_is_set_automatically" time="0.014" /><testcase classname="apps.gamification.tests.test_models.TestUserBadge" name="test_same_badge_cannot_be_awarded_twice" time="0.016" /><testcase classname="apps.gamification.tests.test_models.TestUserBadge" name="test_different_users_can_earn_same_badge" time="0.022" /><testcase classname="apps.gamification.tests.test_models.TestUserBadge" name="test_user_can_earn_multiple_different_badges" time="0.016" /><testcase classname="apps.gamification.tests.test_models.TestUserBadge" name="test_user_badge_deleted_when_user_is_deleted" time="0.063" /><testcase classname="apps.gamification.tests.test_models.TestUserBadge" name="test_user_badge_deleted_when_badge_is_deleted" time="0.015" /><testcase classname="apps.gamification.tests.test_models.TestUserBadge" name="test_str_contains_badge_name" time="0.012" /><testcase classname="apps.gamification.tests.test_models.TestPointTransaction" name="test_transaction_can_be_created" time="0.012" /><testcase classname="apps.gamification.tests.test_models.TestPointTransaction" name="test_created_at_is_set_automatically" time="0.012" /><testcase classname="apps.gamification.tests.test_models.TestPointTransaction" name="test_positive_amount_stored_correctly" time="0.016" /><testcase classname="apps.gamification.tests.test_models.TestPointTransaction" name="test_negative_amount_stored_correctly" time="0.014" /><testcase classname="apps.gamification.tests.test_models.TestPointTransaction" name="test_story_set_null_when_story_is_deleted" time="0.021" /><testcase classname="apps.gamification.tests.test_models.TestPointTransaction" name="test_transaction_deleted_when_user_is_deleted" time="0.038" /><testcase classname="apps.gamification.tests.test_models.TestPointTransaction" name="test_user_can_have_multiple_transactions" time="0.015" /><testcase classname="apps.gamification.tests.test_models.TestPointTransaction" name="test_point_values_match_requirements" time="0.010" /><testcase classname="apps.gamification.tests.test_models.TestPointTransaction" name="test_str_contains_sign_amount_and_event_type" time="0.012" /><testcase classname="apps.gamification.tests.test_serializers.TestBadgeCatalogSerializer" name="test_badge_catalog_serializer_contains_expected_fields" time="0.005" /><testcase classname="apps.gamification.tests.test_serializers.TestBadgeCatalogSerializer" name="test_badge_catalog_serializer_field_values_match_model" time="0.005" /><testcase classname="apps.gamification.tests.test_serializers.TestUserBadgeSerializer" name="test_user_badge_serializer_contains_expected_fields" time="0.032" /><testcase classname="apps.gamification.tests.test_serializers.TestUserBadgeSerializer" name="test_user_badge_serializer_badge_is_nested_dict" time="0.012" /><testcase classname="apps.gamification.tests.test_serializers.TestUserBadgeSerializer" name="test_user_badge_serializer_badge_values_match" time="0.011" /><testcase classname="apps.gamification.tests.test_serializers.TestUserBadgeSerializer" name="test_user_badge_serializer_awarded_at_is_not_null" time="0.015" /><testcase classname="apps.gamification.tests.test_serializers.TestPointTransactionSerializer" name="test_point_transaction_serializer_contains_expected_fields" time="0.009" /><testcase classname="apps.gamification.tests.test_serializers.TestPointTransactionSerializer" name="test_point_transaction_serializer_story_id_is_null_when_no_story" time="0.013" /><testcase classname="apps.gamification.tests.test_serializers.TestPointTransactionSerializer" name="test_point_transaction_serializer_story_id_matches_when_story_set" time="0.013" /><testcase classname="apps.gamification.tests.test_serializers.TestPointTransactionSerializer" name="test_point_transaction_serializer_negative_amount" time="0.008" /><testcase classname="apps.gamification.tests.test_services.TestGetUserPoints" name="test_get_user_points_returns_user_id_and_total_points" time="0.009" /><testcase classname="apps.gamification.tests.test_services.TestGetUserPoints" name="test_get_user_points_returns_zero_when_no_points" time="0.007" /><testcase classname="apps.gamification.tests.test_services.TestGetUserPoints" name="test_get_user_points_nonexistent_user_raises_404" time="0.004" /><testcase classname="apps.gamification.tests.test_services.TestGetUserPoints" name="test_get_user_points_inactive_user_raises_404" time="0.009" /><testcase classname="apps.gamification.tests.test_services.TestGetUserBadges" name="test_get_user_badges_returns_empty_queryset_when_none_earned" time="0.011" /><testcase classname="apps.gamification.tests.test_services.TestGetUserBadges" name="test_get_user_badges_returns_all_earned_badges" time="0.028" /><testcase classname="apps.gamification.tests.test_services.TestGetUserBadges" name="test_get_user_badges_ordered_by_awarded_at_ascending" time="0.039" /><testcase classname="apps.gamification.tests.test_services.TestGetUserBadges" name="test_get_user_badges_does_not_return_other_users_badges" time="0.022" /><testcase classname="apps.gamification.tests.test_services.TestGetUserBadges" name="test_get_user_badges_nonexistent_user_raises_404" time="0.011" /><testcase classname="apps.gamification.tests.test_services.TestGetUserBadges" name="test_get_user_badges_inactive_user_raises_404" time="0.008" /><testcase classname="apps.gamification.tests.test_services.TestGetUserPointHistory" name="test_get_user_point_history_returns_empty_when_none" time="0.024" /><testcase classname="apps.gamification.tests.test_services.TestGetUserPointHistory" name="test_get_user_point_history_returns_all_transactions" time="0.013" /><testcase classname="apps.gamification.tests.test_services.TestGetUserPointHistory" name="test_get_user_point_history_ordered_newest_first" time="0.012" /><testcase classname="apps.gamification.tests.test_services.TestGetUserPointHistory" name="test_get_user_point_history_does_not_return_other_users_transactions" time="0.016" /><testcase classname="apps.gamification.tests.test_services.TestGetUserPointHistory" name="test_get_user_point_history_nonexistent_user_raises_404" time="0.008" /><testcase classname="apps.gamification.tests.test_services.TestGetUserPointHistory" name="test_get_user_point_history_inactive_user_raises_404" time="0.010" /><testcase classname="apps.gamification.tests.test_services.TestGetBadgeCatalog" name="test_get_badge_catalog_returns_seeded_badges" time="0.005" /><testcase classname="apps.gamification.tests.test_services.TestGetBadgeCatalog" name="test_get_badge_catalog_adding_badge_increments_count" time="0.023" /><testcase classname="apps.gamification.tests.test_services.TestGetBadgeCatalog" name="test_get_badge_catalog_ordered_by_id_ascending" time="0.012" /><testcase classname="apps.gamification.tests.test_services.TestAwardPoints" name="test_award_points_creates_transaction" time="0.023" /><testcase classname="apps.gamification.tests.test_services.TestAwardPoints" name="test_award_points_stores_correct_amount" time="0.025" /><testcase classname="apps.gamification.tests.test_services.TestAwardPoints" name="test_award_points_increments_total_points" time="0.030" /><testcase classname="apps.gamification.tests.test_services.TestAwardPoints" name="test_multiple_events_accumulate_points" time="0.052" /><testcase classname="apps.gamification.tests.test_services.TestAwardPoints" name="test_deduction_decreases_total_points" time="0.039" /><testcase classname="apps.gamification.tests.test_services.TestAwardPoints" name="test_floor_prevents_points_going_below_zero" time="0.017" /><testcase classname="apps.gamification.tests.test_services.TestAwardPoints" name="test_floor_clamps_partial_deduction_at_zero" time="0.023" /><testcase classname="apps.gamification.tests.test_services.TestAwardPoints" name="test_award_points_links_story_to_transaction" time="0.028" /><testcase classname="apps.gamification.tests.test_services.TestAwardPoints" name="test_award_points_without_story_is_valid" time="0.015" /><testcase classname="apps.gamification.tests.test_services.TestAwardPoints" name="test_award_points_updates_user_instance_in_place" time="0.018" /><testcase classname="apps.gamification.tests.test_services.TestAwardPoints" name="test_award_points_triggers_badge_check" time="0.027" /><testcase classname="apps.gamification.tests.test_services.TestAwardPoints" name="test_award_points_does_not_award_badge_below_threshold" time="0.025" /><testcase classname="apps.gamification.tests.test_services.TestAwardPoints" name="test_unknown_event_type_raises_key_error" time="0.009" /><testcase classname="apps.gamification.tests.test_services.TestCheckAndAwardBadges" name="test_awards_stories_badge_at_exact_threshold" time="0.023" /><testcase classname="apps.gamification.tests.test_services.TestCheckAndAwardBadges" name="test_does_not_award_stories_badge_below_threshold" time="0.022" /><testcase classname="apps.gamification.tests.test_services.TestCheckAndAwardBadges" name="test_awards_points_badge_when_threshold_met" time="0.024" /><testcase classname="apps.gamification.tests.test_services.TestCheckAndAwardBadges" name="test_does_not_award_points_badge_below_threshold" time="0.021" /><testcase classname="apps.gamification.tests.test_services.TestCheckAndAwardBadges" name="test_awards_multiple_badges_in_one_check" time="0.040" /><testcase classname="apps.gamification.tests.test_services.TestCheckAndAwardBadges" name="test_idempotent_does_not_duplicate_badge" time="0.029" /><testcase classname="apps.gamification.tests.test_services.TestCheckAndAwardBadges" name="test_skips_registration_badges" time="0.013" /><testcase classname="apps.gamification.tests.test_services.TestCheckAndAwardBadges" name="test_draft_stories_do_not_count_toward_story_badge" time="0.012" /><testcase classname="apps.gamification.tests.test_services.TestCheckAndAwardBadges" name="test_removed_stories_do_not_count_toward_story_badge" time="0.012" /><testcase classname="apps.gamification.tests.test_services.TestCheckAndAwardBadges" name="test_no_badges_seeded_is_a_no_op" time="0.010" /><testcase classname="apps.gamification.tests.test_services.TestAwardRegistrationBadge" name="test_awards_registration_badge" time="0.012" /><testcase classname="apps.gamification.tests.test_services.TestAwardRegistrationBadge" name="test_idempotent_does_not_duplicate_badge" time="0.018" /><testcase classname="apps.gamification.tests.test_services.TestAwardRegistrationBadge" name="test_no_error_when_registration_badge_not_seeded" time="0.012" /><testcase classname="apps.gamification.tests.test_services.TestAwardRegistrationBadge" name="test_does_not_award_non_registration_badges" time="0.018" /><testcase classname="apps.gamification.tests.test_services.TestGetPublishedStoryCount" name="test_returns_zero_for_user_with_no_stories" time="0.008" /><testcase classname="apps.gamification.tests.test_services.TestGetPublishedStoryCount" name="test_counts_published_stories" time="0.015" /><testcase classname="apps.gamification.tests.test_services.TestGetPublishedStoryCount" name="test_excludes_draft_stories" time="0.010" /><testcase classname="apps.gamification.tests.test_services.TestGetPublishedStoryCount" name="test_excludes_removed_stories" time="0.008" /><testcase classname="apps.gamification.tests.test_services.TestGetPublishedStoryCount" name="test_counts_only_own_stories" time="0.010" /><testcase classname="apps.gamification.tests.test_services.TestGetPublishedStoryCount" name="test_mixed_statuses_counted_correctly" time="0.013" /><testcase classname="apps.gamification.tests.test_views.TestUserPointsView" name="test_get_user_points_returns_200_and_correct_shape" time="1.670" /><testcase classname="apps.gamification.tests.test_views.TestUserPointsView" name="test_get_user_points_is_public_no_auth_required" time="0.011" /><testcase classname="apps.gamification.tests.test_views.TestUserPointsView" name="test_get_user_points_nonexistent_user_returns_404" time="0.015" /><testcase classname="apps.gamification.tests.test_views.TestUserPointsView" name="test_get_user_points_inactive_user_returns_404" time="0.015" /><testcase classname="apps.gamification.tests.test_views.TestUserBadgesView" name="test_get_user_badges_returns_200_and_paginated_response" time="0.025" /><testcase classname="apps.gamification.tests.test_views.TestUserBadgesView" name="test_get_user_badges_response_item_shape" time="0.020" /><testcase classname="apps.gamification.tests.test_views.TestUserBadgesView" name="test_get_user_badges_is_public_no_auth_required" time="0.015" /><testcase classname="apps.gamification.tests.test_views.TestUserBadgesView" name="test_get_user_badges_empty_list_when_no_badges_earned" time="0.016" /><testcase classname="apps.gamification.tests.test_views.TestUserBadgesView" name="test_get_user_badges_nonexistent_user_returns_404" time="0.013" /><testcase classname="apps.gamification.tests.test_views.TestUserBadgesView" name="test_get_user_badges_inactive_user_returns_404" time="0.015" /><testcase classname="apps.gamification.tests.test_views.TestUserBadgesView" name="test_get_user_badges_does_not_include_other_users_badges" time="0.020" /><testcase classname="apps.gamification.tests.test_views.TestUserPointHistoryView" name="test_get_point_history_owner_can_access" time="0.013" /><testcase classname="apps.gamification.tests.test_views.TestUserPointHistoryView" name="test_get_point_history_admin_can_access" time="0.014" /><testcase classname="apps.gamification.tests.test_views.TestUserPointHistoryView" name="test_get_point_history_unauthenticated_returns_401" time="0.010" /><testcase classname="apps.gamification.tests.test_views.TestUserPointHistoryView" name="test_get_point_history_other_user_returns_403" time="0.012" /><testcase classname="apps.gamification.tests.test_views.TestUserPointHistoryView" name="test_get_point_history_returns_paginated_transactions" time="0.017" /><testcase classname="apps.gamification.tests.test_views.TestUserPointHistoryView" name="test_get_point_history_response_item_shape" time="0.018" /><testcase classname="apps.gamification.tests.test_views.TestUserPointHistoryView" name="test_get_point_history_ordered_newest_first" time="0.017" /><testcase classname="apps.gamification.tests.test_views.TestUserPointHistoryView" name="test_get_point_history_nonexistent_user_returns_404" time="0.012" /><testcase classname="apps.gamification.tests.test_views.TestUserPointHistoryView" name="test_get_point_history_inactive_user_returns_404" time="0.013" /><testcase classname="apps.gamification.tests.test_views.TestBadgeCatalogView" name="test_get_badge_catalog_returns_200_and_paginated_response" time="0.008" /><testcase classname="apps.gamification.tests.test_views.TestBadgeCatalogView" name="test_get_badge_catalog_is_public_no_auth_required" time="0.008" /><testcase classname="apps.gamification.tests.test_views.TestBadgeCatalogView" name="test_get_badge_catalog_adding_badge_increments_count" time="0.019" /><testcase classname="apps.gamification.tests.test_views.TestBadgeCatalogView" name="test_get_badge_catalog_response_item_shape" time="0.013" /><testcase classname="apps.gamification.tests.test_views.TestBadgeCatalogView" name="test_get_badge_catalog_new_badges_appear_at_end_ordered_by_id" time="0.021" /><testcase classname="apps.interactions.tests.test_admin_views.TestAdminCommentRemoval" name="test_admin_delete_comment_returns_204" time="0.116" /><testcase classname="apps.interactions.tests.test_admin_views.TestAdminCommentRemoval" name="test_comment_is_hard_deleted" time="0.045" /><testcase classname="apps.interactions.tests.test_admin_views.TestAdminCommentRemoval" name="test_non_admin_gets_403" time="0.015" /><testcase classname="apps.interactions.tests.test_admin_views.TestAdminCommentRemoval" name="test_unauthenticated_gets_401" time="0.013" /><testcase classname="apps.interactions.tests.test_admin_views.TestAdminCommentRemoval" name="test_nonexistent_comment_gets_404" time="0.011" /><testcase classname="apps.interactions.tests.test_models.TestComment" name="test_comment_can_be_created" time="0.015" /><testcase classname="apps.interactions.tests.test_models.TestComment" name="test_is_anonymized_defaults_to_false" time="0.013" /><testcase classname="apps.interactions.tests.test_models.TestComment" name="test_created_at_is_set_automatically" time="0.017" /><testcase classname="apps.interactions.tests.test_models.TestComment" name="test_comment_appears_in_story_reverse_relation" time="0.017" /><testcase classname="apps.interactions.tests.test_models.TestComment" name="test_comment_appears_in_user_reverse_relation" time="0.014" /><testcase classname="apps.interactions.tests.test_models.TestComment" name="test_comment_deleted_when_story_is_deleted" time="0.027" /><testcase classname="apps.interactions.tests.test_models.TestComment" name="test_author_becomes_null_when_user_is_deleted" time="0.032" /><testcase classname="apps.interactions.tests.test_models.TestComment" name="test_comment_row_survives_author_deletion" time="0.036" /><testcase classname="apps.interactions.tests.test_models.TestLike" name="test_like_can_be_created" time="0.017" /><testcase classname="apps.interactions.tests.test_models.TestLike" name="test_created_at_is_set_automatically" time="0.020" /><testcase classname="apps.interactions.tests.test_models.TestLike" name="test_duplicate_like_raises_integrity_error" time="0.022" /><testcase classname="apps.interactions.tests.test_models.TestLike" name="test_different_users_can_like_same_story" time="0.024" /><testcase classname="apps.interactions.tests.test_models.TestLike" name="test_same_user_can_like_different_stories" time="0.025" /><testcase classname="apps.interactions.tests.test_models.TestLike" name="test_like_deleted_when_user_is_deleted" time="0.043" /><testcase classname="apps.interactions.tests.test_models.TestLike" name="test_like_deleted_when_story_is_deleted" time="0.031" /><testcase classname="apps.interactions.tests.test_models.TestLike" name="test_like_count_increments_when_like_is_created" time="0.017" /><testcase classname="apps.interactions.tests.test_models.TestLike" name="test_like_count_increments_for_each_new_like" time="0.024" /><testcase classname="apps.interactions.tests.test_models.TestLike" name="test_like_count_decrements_when_like_is_deleted" time="0.022" /><testcase classname="apps.interactions.tests.test_models.TestLike" name="test_like_count_returns_to_zero_after_all_likes_removed" time="0.026" /><testcase classname="apps.interactions.tests.test_models.TestSavedStory" name="test_saved_story_can_be_created" time="0.015" /><testcase classname="apps.interactions.tests.test_models.TestSavedStory" name="test_saved_at_is_set_automatically" time="0.018" /><testcase classname="apps.interactions.tests.test_models.TestSavedStory" name="test_duplicate_save_raises_integrity_error" time="0.019" /><testcase classname="apps.interactions.tests.test_models.TestSavedStory" name="test_different_users_can_save_same_story" time="0.017" /><testcase classname="apps.interactions.tests.test_models.TestSavedStory" name="test_save_deleted_when_user_is_deleted" time="0.038" /><testcase classname="apps.interactions.tests.test_models.TestSavedStory" name="test_save_deleted_when_story_is_deleted" time="0.026" /><testcase classname="apps.interactions.tests.test_models.TestSavedStory" name="test_user_saved_stories_accessible_via_reverse_relation" time="0.017" /><testcase classname="apps.interactions.tests.test_models.TestSavedStory" name="test_save_count_increments_when_story_is_saved" time="0.021" /><testcase classname="apps.interactions.tests.test_models.TestSavedStory" name="test_save_count_increments_for_each_save" time="0.020" /><testcase classname="apps.interactions.tests.test_models.TestSavedStory" name="test_save_count_decrements_when_save_is_removed" time="0.020" /><testcase classname="apps.interactions.tests.test_models.TestSavedStory" name="test_save_count_returns_to_zero_after_all_saves_removed" time="0.023" /><testcase classname="apps.interactions.tests.test_serializers.TestCommentResponseSerializer" name="test_response_serializer_with_author" time="0.012" /><testcase classname="apps.interactions.tests.test_serializers.TestCommentResponseSerializer" name="test_response_serializer_anonymized" time="0.012" /><testcase classname="apps.interactions.tests.test_serializers.TestCommentResponseSerializer" name="test_response_serializer_includes_required_fields" time="0.012" /><testcase classname="apps.interactions.tests.test_serializers.TestCommentResponseSerializer" name="test_response_serializer_hides_username_when_private" time="0.014" /><testcase classname="apps.interactions.tests.test_serializers.TestCommentResponseSerializer" name="test_response_serializer_shows_username_when_public" time="0.014" /><testcase classname="apps.interactions.tests.test_serializers.TestCommentResponseSerializer" name="test_get_is_own_comment_returns_true_for_author" time="0.013" /><testcase classname="apps.interactions.tests.test_serializers.TestCommentResponseSerializer" name="test_get_is_own_comment_returns_false_for_other_user" time="0.015" /><testcase classname="apps.interactions.tests.test_serializers.TestCommentResponseSerializer" name="test_get_is_own_comment_returns_false_when_no_request_context" time="0.012" /><testcase classname="apps.interactions.tests.test_serializers.TestCommentResponseSerializer" name="test_get_is_own_comment_returns_false_for_unauthenticated" time="0.011" /><testcase classname="apps.interactions.tests.test_serializers.TestCommentResponseSerializer" name="test_get_is_own_comment_true_when_author_username_is_null" time="0.016" /><testcase classname="apps.interactions.tests.test_serializers.TestLikeResponseSerializer" name="test_contains_expected_fields" time="0.012" /><testcase classname="apps.interactions.tests.test_serializers.TestLikeResponseSerializer" name="test_story_id_matches" time="0.012" /><testcase classname="apps.interactions.tests.test_serializers.TestLikeResponseSerializer" name="test_id_matches" time="0.015" /><testcase classname="apps.interactions.tests.test_services.TestGetStoryComments" name="test_returns_queryset_for_published_story" time="0.012" /><testcase classname="apps.interactions.tests.test_services.TestGetStoryComments" name="test_returns_empty_queryset_when_no_comments" time="0.011" /><testcase classname="apps.interactions.tests.test_services.TestGetStoryComments" name="test_returns_comments_belonging_to_story" time="0.017" /><testcase classname="apps.interactions.tests.test_services.TestGetStoryComments" name="test_ordered_oldest_first" time="0.016" /><testcase classname="apps.interactions.tests.test_services.TestGetStoryComments" name="test_nonexistent_story_raises_404" time="0.005" /><testcase classname="apps.interactions.tests.test_services.TestGetStoryComments" name="test_removed_story_raises_404" time="0.017" /><testcase classname="apps.interactions.tests.test_services.TestGetStoryComments" name="test_draft_story_raises_404" time="0.013" /><testcase classname="apps.interactions.tests.test_services.TestGetStoryComments" name="test_does_not_return_comments_from_other_stories" time="0.019" /><testcase classname="apps.interactions.tests.test_services.TestCreateComment" name="test_create_comment_on_published_story" time="0.037" /><testcase classname="apps.interactions.tests.test_services.TestCreateComment" name="test_create_comment_on_removed_story_raises_404" time="0.014" /><testcase classname="apps.interactions.tests.test_services.TestCreateComment" name="test_create_comment_on_nonexistent_story_raises_404" time="0.012" /><testcase classname="apps.interactions.tests.test_services.TestCreateComment" name="test_create_comment_persists_to_db" time="0.046" /><testcase classname="apps.interactions.tests.test_services.TestCreateComment" name="test_create_comment_awards_points_to_story_author" time="0.052" /><testcase classname="apps.interactions.tests.test_services.TestCreateComment" name="test_create_comment_awards_points_to_commenter" time="0.038" /><testcase classname="apps.interactions.tests.test_services.TestCreateComment" name="test_create_comment_skips_points_when_story_has_no_author" time="0.023" /><testcase classname="apps.interactions.tests.test_services.TestCreateComment" name="test_create_comment_commenter_still_gets_points_when_story_has_no_author" time="0.027" /><testcase classname="apps.interactions.tests.test_services.TestDeleteComment" name="test_delete_comment_removes_from_db" time="0.032" /><testcase classname="apps.interactions.tests.test_services.TestDeleteComment" name="test_delete_comment_deducts_points_from_story_author" time="0.035" /><testcase classname="apps.interactions.tests.test_services.TestDeleteComment" name="test_delete_comment_deducts_points_from_commenter" time="0.048" /><testcase classname="apps.interactions.tests.test_services.TestDeleteComment" name="test_delete_comment_skips_points_when_story_has_no_author" time="0.024" /><testcase classname="apps.interactions.tests.test_services.TestDeleteComment" name="test_delete_comment_commenter_still_loses_points_when_story_has_no_author" time="0.025" /><testcase classname="apps.interactions.tests.test_services.TestDeleteComment" name="test_delete_comment_skips_commenter_deduction_when_author_is_anonymous" time="0.024" /><testcase classname="apps.interactions.tests.test_services.TestAddLike" name="test_creates_like" time="0.034" /><testcase classname="apps.interactions.tests.test_services.TestAddLike" name="test_returns_like_instance" time="0.037" /><testcase classname="apps.interactions.tests.test_services.TestAddLike" name="test_like_linked_to_correct_story" time="0.038" /><testcase classname="apps.interactions.tests.test_services.TestAddLike" name="test_like_linked_to_correct_user" time="0.038" /><testcase classname="apps.interactions.tests.test_services.TestAddLike" name="test_nonexistent_story_raises_404" time="0.009" /><testcase classname="apps.interactions.tests.test_services.TestAddLike" name="test_removed_story_raises_404" time="0.016" /><testcase classname="apps.interactions.tests.test_services.TestAddLike" name="test_duplicate_like_raises_validation_error" time="0.038" /><testcase classname="apps.interactions.tests.test_services.TestAddLike" name="test_add_like_awards_points_to_story_author" time="0.044" /><testcase classname="apps.interactions.tests.test_services.TestAddLike" name="test_add_like_awards_points_to_liker" time="0.046" /><testcase classname="apps.interactions.tests.test_services.TestAddLike" name="test_add_like_skips_points_when_story_has_no_author" time="0.026" /><testcase classname="apps.interactions.tests.test_services.TestAddLike" name="test_add_like_liker_still_gets_points_when_story_has_no_author" time="0.025" /><testcase classname="apps.interactions.tests.test_services.TestRemoveLike" name="test_removes_like_from_db" time="0.042" /><testcase classname="apps.interactions.tests.test_services.TestRemoveLike" name="test_not_liked_raises_404" time="0.011" /><testcase classname="apps.interactions.tests.test_services.TestRemoveLike" name="test_nonexistent_story_raises_404" time="0.006" /><testcase classname="apps.interactions.tests.test_services.TestRemoveLike" name="test_removed_story_can_be_unliked" time="0.037" /><testcase classname="apps.interactions.tests.test_services.TestRemoveLike" name="test_removed_story_without_existing_like_raises_404" time="0.014" /><testcase classname="apps.interactions.tests.test_services.TestRemoveLike" name="test_remove_like_deducts_points_from_story_author" time="0.045" /><testcase classname="apps.interactions.tests.test_services.TestRemoveLike" name="test_remove_like_deducts_points_from_liker" time="0.042" /><testcase classname="apps.interactions.tests.test_services.TestRemoveLike" name="test_remove_like_skips_points_when_story_has_no_author" time="0.029" /><testcase classname="apps.interactions.tests.test_services.TestRemoveLike" name="test_remove_like_liker_still_loses_points_when_story_has_no_author" time="0.033" /><testcase classname="apps.interactions.tests.test_services.TestAddBookmark" name="test_creates_saved_story" time="0.027" /><testcase classname="apps.interactions.tests.test_services.TestAddBookmark" name="test_returns_saved_story_instance" time="0.025" /><testcase classname="apps.interactions.tests.test_services.TestAddBookmark" name="test_bookmark_linked_to_correct_story" time="0.028" /><testcase classname="apps.interactions.tests.test_services.TestAddBookmark" name="test_bookmark_linked_to_correct_user" time="0.029" /><testcase classname="apps.interactions.tests.test_services.TestAddBookmark" name="test_increments_save_count" time="0.027" /><testcase classname="apps.interactions.tests.test_services.TestAddBookmark" name="test_duplicate_returns_existing_not_created" time="0.033" /><testcase classname="apps.interactions.tests.test_services.TestAddBookmark" name="test_duplicate_does_not_double_increment_save_count" time="0.037" /><testcase classname="apps.interactions.tests.test_services.TestAddBookmark" name="test_nonexistent_story_raises_404" time="0.009" /><testcase classname="apps.interactions.tests.test_services.TestAddBookmark" name="test_removed_story_raises_404" time="0.016" /><testcase classname="apps.interactions.tests.test_services.TestAddBookmark" name="test_draft_story_raises_404" time="0.018" /><testcase classname="apps.interactions.tests.test_services.TestAddBookmark" name="test_add_bookmark_awards_points_to_story_author" time="0.034" /><testcase classname="apps.interactions.tests.test_services.TestAddBookmark" name="test_add_bookmark_duplicate_does_not_award_points_again" time="0.035" /><testcase classname="apps.interactions.tests.test_services.TestAddBookmark" name="test_add_bookmark_skips_points_when_story_has_no_author" time="0.072" /><testcase classname="apps.interactions.tests.test_services.TestRemoveBookmark" name="test_deletes_saved_story_row" time="0.031" /><testcase classname="apps.interactions.tests.test_services.TestRemoveBookmark" name="test_decrements_save_count" time="0.032" /><testcase classname="apps.interactions.tests.test_services.TestRemoveBookmark" name="test_not_bookmarked_is_noop" time="0.012" /><testcase classname="apps.interactions.tests.test_services.TestRemoveBookmark" name="test_nonexistent_story_raises_404" time="0.010" /><testcase classname="apps.interactions.tests.test_services.TestRemoveBookmark" name="test_removed_story_can_be_unbookmarked" time="0.036" /><testcase classname="apps.interactions.tests.test_services.TestRemoveBookmark" name="test_draft_story_can_be_unbookmarked" time="0.030" /><testcase classname="apps.interactions.tests.test_services.TestRemoveBookmark" name="test_remove_bookmark_deducts_points_from_story_author" time="0.036" /><testcase classname="apps.interactions.tests.test_services.TestRemoveBookmark" name="test_remove_bookmark_does_not_deduct_when_not_bookmarked" time="0.016" /><testcase classname="apps.interactions.tests.test_services.TestRemoveBookmark" name="test_remove_bookmark_skips_points_when_story_has_no_author" time="0.020" /><testcase classname="apps.interactions.tests.test_views.TestStoryCommentCreate" name="test_create_comment_success" time="0.037" /><testcase classname="apps.interactions.tests.test_views.TestStoryCommentCreate" name="test_create_comment_unauthenticated" time="0.015" /><testcase classname="apps.interactions.tests.test_views.TestStoryCommentCreate" name="test_create_comment_blank_text" time="0.015" /><testcase classname="apps.interactions.tests.test_views.TestStoryCommentCreate" name="test_create_comment_story_not_found" time="0.013" /><testcase classname="apps.interactions.tests.test_views.TestStoryCommentCreate" name="test_create_comment_removed_story" time="0.019" /><testcase classname="apps.interactions.tests.test_views.TestStoryCommentCreate" name="test_create_comment_response_contains_expected_fields" time="0.038" /><testcase classname="apps.interactions.tests.test_views.TestStoryCommentCreate" name="test_create_comment_response_is_own_comment_true" time="0.042" /><testcase classname="apps.interactions.tests.test_views.TestCommentDelete" name="test_delete_comment_by_author" time="0.054" /><testcase classname="apps.interactions.tests.test_views.TestCommentDelete" name="test_delete_comment_by_admin" time="0.051" /><testcase classname="apps.interactions.tests.test_views.TestCommentDelete" name="test_delete_comment_by_other_user" time="0.016" /><testcase classname="apps.interactions.tests.test_views.TestCommentDelete" name="test_delete_comment_unauthenticated" time="0.015" /><testcase classname="apps.interactions.tests.test_views.TestCommentDelete" name="test_delete_comment_not_found" time="0.011" /><testcase classname="apps.interactions.tests.test_views.TestStoryLike" name="test_like_story_success" time="0.039" /><testcase classname="apps.interactions.tests.test_views.TestStoryLike" name="test_like_updates_story_like_count" time="0.042" /><testcase classname="apps.interactions.tests.test_views.TestStoryLike" name="test_like_response_contains_expected_fields" time="0.044" /><testcase classname="apps.interactions.tests.test_views.TestStoryLike" name="test_like_story_unauthenticated" time="0.012" /><testcase classname="apps.interactions.tests.test_views.TestStoryLike" name="test_like_story_not_found" time="0.012" /><testcase classname="apps.interactions.tests.test_views.TestStoryLike" name="test_like_removed_story_returns_404" time="0.019" /><testcase classname="apps.interactions.tests.test_views.TestStoryLike" name="test_duplicate_like_returns_400" time="0.047" /><testcase classname="apps.interactions.tests.test_views.TestStoryUnlike" name="test_unlike_story_success" time="0.048" /><testcase classname="apps.interactions.tests.test_views.TestStoryUnlike" name="test_unlike_decrements_like_count" time="0.039" /><testcase classname="apps.interactions.tests.test_views.TestStoryUnlike" name="test_unlike_story_unauthenticated" time="0.013" /><testcase classname="apps.interactions.tests.test_views.TestStoryUnlike" name="test_unlike_story_not_liked_returns_404" time="0.013" /><testcase classname="apps.interactions.tests.test_views.TestStoryUnlike" name="test_unlike_story_not_found" time="0.009" /><testcase classname="apps.interactions.tests.test_views.TestStoryCommentList" name="test_returns_200_for_unauthenticated" time="0.015" /><testcase classname="apps.interactions.tests.test_views.TestStoryCommentList" name="test_returns_200_for_authenticated" time="0.017" /><testcase classname="apps.interactions.tests.test_views.TestStoryCommentList" name="test_response_is_paginated" time="0.014" /><testcase classname="apps.interactions.tests.test_views.TestStoryCommentList" name="test_returns_empty_list_when_no_comments" time="0.014" /><testcase classname="apps.interactions.tests.test_views.TestStoryCommentList" name="test_returns_comments_for_story" time="0.022" /><testcase classname="apps.interactions.tests.test_views.TestStoryCommentList" name="test_result_contains_expected_fields" time="0.019" /><testcase classname="apps.interactions.tests.test_views.TestStoryCommentList" name="test_comments_ordered_oldest_first" time="0.019" /><testcase classname="apps.interactions.tests.test_views.TestStoryCommentList" name="test_story_not_found_returns_404" time="0.007" /><testcase classname="apps.interactions.tests.test_views.TestStoryCommentList" name="test_removed_story_returns_404" time="0.020" /><testcase classname="apps.interactions.tests.test_views.TestStoryCommentList" name="test_anonymized_comment_shows_null_author" time="0.018" /><testcase classname="apps.interactions.tests.test_views.TestStoryCommentList" name="test_private_username_author_shows_null_in_list" time="0.021" /><testcase classname="apps.interactions.tests.test_views.TestStoryCommentList" name="test_public_username_author_shows_username_in_list" time="0.023" /><testcase classname="apps.interactions.tests.test_views.TestStoryCommentList" name="test_only_returns_comments_for_requested_story" time="0.024" /><testcase classname="apps.interactions.tests.test_views.TestStoryCommentList" name="test_list_comments_is_own_comment_true_for_authenticated_author" time="0.019" /><testcase classname="apps.interactions.tests.test_views.TestStoryCommentList" name="test_list_comments_is_own_comment_false_for_other_user" time="0.020" /><testcase classname="apps.interactions.tests.test_views.TestStoryCommentList" name="test_list_comments_is_own_comment_false_for_unauthenticated" time="0.018" /><testcase classname="apps.interactions.tests.test_views.TestStoryCommentList" name="test_list_comments_is_own_comment_true_when_author_username_is_null" time="0.024" /><testcase classname="apps.interactions.tests.test_views.TestStoryBookmark" name="test_bookmark_success_returns_201" time="0.036" /><testcase classname="apps.interactions.tests.test_views.TestStoryBookmark" name="test_bookmark_increments_save_count" time="0.031" /><testcase classname="apps.interactions.tests.test_views.TestStoryBookmark" name="test_bookmark_response_contains_expected_fields" time="0.031" /><testcase classname="apps.interactions.tests.test_views.TestStoryBookmark" name="test_duplicate_bookmark_returns_200" time="0.042" /><testcase classname="apps.interactions.tests.test_views.TestStoryBookmark" name="test_duplicate_bookmark_does_not_increment_save_count" time="0.037" /><testcase classname="apps.interactions.tests.test_views.TestStoryBookmark" name="test_bookmark_unauthenticated_returns_401" time="0.014" /><testcase classname="apps.interactions.tests.test_views.TestStoryBookmark" name="test_bookmark_story_not_found_returns_404" time="0.012" /><testcase classname="apps.interactions.tests.test_views.TestStoryBookmark" name="test_bookmark_removed_story_returns_404" time="0.018" /><testcase classname="apps.interactions.tests.test_views.TestStoryUnbookmark" name="test_unbookmark_success_returns_204" time="0.032" /><testcase classname="apps.interactions.tests.test_views.TestStoryUnbookmark" name="test_unbookmark_decrements_save_count" time="0.039" /><testcase classname="apps.interactions.tests.test_views.TestStoryUnbookmark" name="test_unbookmark_not_bookmarked_returns_204" time="0.015" /><testcase classname="apps.interactions.tests.test_views.TestStoryUnbookmark" name="test_unbookmark_unauthenticated_returns_401" time="0.012" /><testcase classname="apps.interactions.tests.test_views.TestStoryUnbookmark" name="test_unbookmark_story_not_found_returns_404" time="0.010" /><testcase classname="apps.interactions.tests.test_views.TestStoryUnbookmark" name="test_unbookmark_removed_story_returns_204" time="0.021" /><testcase classname="apps.media.tests.test_models.TestMediaItem" name="test_media_item_can_be_created" time="0.124" /><testcase classname="apps.media.tests.test_models.TestMediaItem" name="test_order_defaults_to_zero" time="0.013" /><testcase classname="apps.media.tests.test_models.TestMediaItem" name="test_uploaded_at_is_set_automatically" time="0.013" /><testcase classname="apps.media.tests.test_models.TestMediaItem" name="test_all_media_types_are_accepted" time="0.013" /><testcase classname="apps.media.tests.test_models.TestMediaItem" name="test_file_size_is_stored_correctly" time="0.017" /><testcase classname="apps.media.tests.test_models.TestMediaItem" name="test_cascade_deletes_when_story_is_deleted" time="0.025" /><testcase classname="apps.media.tests.test_models.TestMediaItem" name="test_story_can_have_multiple_media_items" time="0.014" /><testcase classname="apps.media.tests.test_models.TestMediaItem" name="test_items_ordered_by_order_field_ascending" time="0.021" /><testcase classname="apps.media.tests.test_models.TestMediaItem" name="test_str_includes_type_and_filename" time="0.015" /><testcase classname="apps.media.tests.test_serializers.TestMediaItemResponseSerializer" name="test_contains_expected_fields" time="0.014" /><testcase classname="apps.media.tests.test_serializers.TestMediaItemResponseSerializer" name="test_url_is_built_from_request_context" time="0.018" /><testcase classname="apps.media.tests.test_serializers.TestMediaItemResponseSerializer" name="test_url_falls_back_to_relative_without_request" time="0.023" /><testcase classname="apps.media.tests.test_services.TestUploadStoryImage" name="test_creates_media_item" time="0.019" /><testcase classname="apps.media.tests.test_services.TestUploadStoryImage" name="test_media_type_is_image" time="0.017" /><testcase classname="apps.media.tests.test_services.TestUploadStoryImage" name="test_story_is_set" time="0.016" /><testcase classname="apps.media.tests.test_services.TestUploadStoryImage" name="test_file_size_is_stored" time="0.018" /><testcase classname="apps.media.tests.test_services.TestUploadStoryImage" name="test_original_filename_is_stored" time="0.016" /><testcase classname="apps.media.tests.test_services.TestUploadStoryImage" name="test_returns_media_item_instance" time="0.014" /><testcase classname="apps.media.tests.test_services.TestUploadStoryMedia" name="test_creates_media_item" time="0.027" /><testcase classname="apps.media.tests.test_services.TestUploadStoryMedia" name="test_audio_media_type_stored" time="0.019" /><testcase classname="apps.media.tests.test_services.TestUploadStoryMedia" name="test_video_media_type_stored" time="0.019" /><testcase classname="apps.media.tests.test_services.TestUploadStoryMedia" name="test_story_is_set" time="0.019" /><testcase classname="apps.media.tests.test_services.TestUploadStoryMedia" name="test_file_size_is_stored" time="0.022" /><testcase classname="apps.media.tests.test_services.TestUploadStoryMedia" name="test_original_filename_is_stored" time="0.015" /><testcase classname="apps.media.tests.test_services.TestUploadStoryMedia" name="test_returns_media_item_instance" time="0.017" /><testcase classname="apps.media.tests.test_views.TestStoryImageUpload" name="test_upload_success" time="0.088" /><testcase classname="apps.media.tests.test_views.TestStoryImageUpload" name="test_upload_response_contains_expected_fields" time="0.021" /><testcase classname="apps.media.tests.test_views.TestStoryImageUpload" name="test_upload_unauthenticated_returns_401" time="0.018" /><testcase classname="apps.media.tests.test_views.TestStoryImageUpload" name="test_upload_by_non_owner_returns_403" time="0.022" /><testcase classname="apps.media.tests.test_views.TestStoryImageUpload" name="test_upload_story_not_found_returns_404" time="0.016" /><testcase classname="apps.media.tests.test_views.TestStoryImageUpload" name="test_upload_to_removed_story_returns_404" time="0.025" /><testcase classname="apps.media.tests.test_views.TestStoryImageUpload" name="test_upload_invalid_type_gif_returns_400" time="0.026" /><testcase classname="apps.media.tests.test_views.TestStoryImageUpload" name="test_spoofed_extension_returns_400" time="0.022" /><testcase classname="apps.media.tests.test_views.TestStoryImageUpload" name="test_upload_oversized_file_returns_400" time="0.041" /><testcase classname="apps.media.tests.test_views.TestStoryImageUpload" name="test_upload_png_accepted" time="0.025" /><testcase classname="apps.media.tests.test_views.TestStoryImageUpload" name="test_upload_stores_correct_metadata" time="0.023" /><testcase classname="apps.media.tests.test_views.TestStoryImageUpload" name="test_upload_draft_story_allowed" time="0.019" /><testcase classname="apps.media.tests.test_views.TestStoryMediaUpload" name="test_upload_audio_success" time="0.019" /><testcase classname="apps.media.tests.test_views.TestStoryMediaUpload" name="test_upload_video_success" time="0.022" /><testcase classname="apps.media.tests.test_views.TestStoryMediaUpload" name="test_response_contains_expected_fields" time="0.021" /><testcase classname="apps.media.tests.test_views.TestStoryMediaUpload" name="test_audio_media_type_in_response" time="0.022" /><testcase classname="apps.media.tests.test_views.TestStoryMediaUpload" name="test_video_media_type_in_response" time="0.017" /><testcase classname="apps.media.tests.test_views.TestStoryMediaUpload" name="test_unauthenticated_returns_401" time="0.012" /><testcase classname="apps.media.tests.test_views.TestStoryMediaUpload" name="test_non_owner_returns_403" time="0.017" /><testcase classname="apps.media.tests.test_views.TestStoryMediaUpload" name="test_story_not_found_returns_404" time="0.012" /><testcase classname="apps.media.tests.test_views.TestStoryMediaUpload" name="test_removed_story_returns_404" time="0.022" /><testcase classname="apps.media.tests.test_views.TestStoryMediaUpload" name="test_unsupported_type_returns_400" time="0.021" /><testcase classname="apps.media.tests.test_views.TestStoryMediaUpload" name="test_spoofed_extension_returns_400" time="0.019" /><testcase classname="apps.media.tests.test_views.TestStoryMediaUpload" name="test_upload_stores_correct_metadata" time="0.023" /><testcase classname="apps.notifications.tests.test_models.TestNotification" name="test_notification_can_be_created" time="0.066" /><testcase classname="apps.notifications.tests.test_models.TestNotification" name="test_is_read_defaults_to_false" time="0.011" /><testcase classname="apps.notifications.tests.test_models.TestNotification" name="test_created_at_is_set_automatically" time="0.012" /><testcase classname="apps.notifications.tests.test_models.TestNotification" name="test_all_notification_types_are_accepted" time="0.017" /><testcase classname="apps.notifications.tests.test_models.TestNotification" name="test_notification_deleted_when_recipient_is_deleted" time="0.034" /><testcase classname="apps.notifications.tests.test_models.TestNotification" name="test_actor_set_null_when_actor_user_is_deleted" time="0.031" /><testcase classname="apps.notifications.tests.test_models.TestNotification" name="test_story_set_null_when_story_is_deleted" time="0.024" /><testcase classname="apps.notifications.tests.test_models.TestNotification" name="test_unread_notifications_ordered_before_read" time="0.013" /><testcase classname="apps.notifications.tests.test_models.TestNotification" name="test_str_contains_type_and_recipient_pk" time="0.011" /><testcase classname="apps.notifications.tests.test_models.TestNotificationPreference" name="test_preference_can_be_created" time="0.008" /><testcase classname="apps.notifications.tests.test_models.TestNotificationPreference" name="test_is_enabled_defaults_to_true" time="0.010" /><testcase classname="apps.notifications.tests.test_models.TestNotificationPreference" name="test_preference_can_be_disabled" time="0.010" /><testcase classname="apps.notifications.tests.test_models.TestNotificationPreference" name="test_duplicate_type_per_user_raises_integrity_error" time="0.009" /><testcase classname="apps.notifications.tests.test_models.TestNotificationPreference" name="test_different_types_for_same_user_are_allowed" time="0.009" /><testcase classname="apps.notifications.tests.test_models.TestNotificationPreference" name="test_preferences_deleted_when_user_is_deleted" time="0.026" /><testcase classname="apps.notifications.tests.test_services.TestIsNotificationEnabled" name="test_enabled_by_default_when_no_preference_row" time="0.010" /><testcase classname="apps.notifications.tests.test_services.TestIsNotificationEnabled" name="test_returns_false_when_preference_disabled" time="0.009" /><testcase classname="apps.notifications.tests.test_services.TestIsNotificationEnabled" name="test_returns_true_when_preference_enabled" time="0.008" /><testcase classname="apps.notifications.tests.test_services.TestIsNotificationEnabled" name="test_returns_false_when_notifications_muted_regardless_of_per_type_pref" time="0.010" /><testcase classname="apps.notifications.tests.test_services.TestIsNotificationEnabled" name="test_returns_false_when_notifications_muted_with_no_preference_row" time="0.009" /><testcase classname="apps.notifications.tests.test_services.TestCreateNotification" name="test_create_notification_returns_notification" time="0.013" /><testcase classname="apps.notifications.tests.test_services.TestCreateNotification" name="test_create_notification_persists_to_db" time="0.011" /><testcase classname="apps.notifications.tests.test_services.TestCreateNotification" name="test_create_notification_suppressed_when_actor_is_recipient" time="0.009" /><testcase classname="apps.notifications.tests.test_services.TestCreateNotification" name="test_create_notification_suppressed_when_type_disabled" time="0.011" /><testcase classname="apps.notifications.tests.test_services.TestCreateNotification" name="test_create_notification_without_actor_succeeds" time="0.009" /><testcase classname="apps.notifications.tests.test_services.TestGetNotifications" name="test_returns_only_recipient_notifications" time="0.018" /><testcase classname="apps.notifications.tests.test_services.TestGetNotifications" name="test_unread_notifications_come_before_read" time="0.014" /><testcase classname="apps.notifications.tests.test_services.TestMarkNotificationRead" name="test_mark_as_read" time="0.013" /><testcase classname="apps.notifications.tests.test_services.TestMarkNotificationRead" name="test_mark_as_unread" time="0.013" /><testcase classname="apps.notifications.tests.test_services.TestDeleteNotification" name="test_delete_single_notification" time="0.010" /><testcase classname="apps.notifications.tests.test_services.TestDeleteNotification" name="test_delete_does_not_affect_other_notifications" time="0.011" /><testcase classname="apps.notifications.tests.test_services.TestDeleteAllNotifications" name="test_clears_all_user_notifications" time="0.014" /><testcase classname="apps.notifications.tests.test_services.TestDeleteAllNotifications" name="test_does_not_delete_other_users_notifications" time="0.012" /><testcase classname="apps.notifications.tests.test_services.TestGetAllPreferences" name="test_all_types_default_to_true_when_no_rows_exist" time="0.011" /><testcase classname="apps.notifications.tests.test_services.TestGetAllPreferences" name="test_reflects_saved_disabled_preference" time="0.009" /><testcase classname="apps.notifications.tests.test_services.TestGetAllPreferences" name="test_reflects_saved_enabled_preference" time="0.010" /><testcase classname="apps.notifications.tests.test_services.TestGetAllPreferences" name="test_unset_types_remain_true_when_some_rows_exist" time="0.009" /><testcase classname="apps.notifications.tests.test_services.TestUpdatePreferences" name="test_creates_preference_row_for_new_type" time="0.014" /><testcase classname="apps.notifications.tests.test_services.TestUpdatePreferences" name="test_updates_existing_preference_row" time="0.013" /><testcase classname="apps.notifications.tests.test_services.TestUpdatePreferences" name="test_updates_multiple_types_at_once" time="0.015" /><testcase classname="apps.notifications.tests.test_services.TestUpdatePreferences" name="test_sets_notifications_muted_on_user" time="0.010" /><testcase classname="apps.notifications.tests.test_services.TestUpdatePreferences" name="test_unsets_notifications_muted_on_user" time="0.011" /><testcase classname="apps.notifications.tests.test_services.TestUpdatePreferences" name="test_does_not_touch_notifications_muted_when_not_provided" time="0.013" /><testcase classname="apps.notifications.tests.test_signals.TestNewCommentSignal" name="test_new_comment_creates_notification_for_story_author" time="0.016" /><testcase classname="apps.notifications.tests.test_signals.TestNewCommentSignal" name="test_new_comment_sets_actor_and_story_references" time="0.023" /><testcase classname="apps.notifications.tests.test_signals.TestNewCommentSignal" name="test_author_commenting_on_own_story_does_not_notify" time="0.012" /><testcase classname="apps.notifications.tests.test_signals.TestNewCommentSignal" name="test_private_username_commenter_shows_someone_and_no_actor" time="0.016" /><testcase classname="apps.notifications.tests.test_signals.TestNewLikeSignal" name="test_new_like_creates_notification_for_story_author" time="0.018" /><testcase classname="apps.notifications.tests.test_signals.TestNewLikeSignal" name="test_new_like_sets_actor_and_story_references" time="0.020" /><testcase classname="apps.notifications.tests.test_signals.TestNewLikeSignal" name="test_author_liking_own_story_does_not_notify" time="0.015" /><testcase classname="apps.notifications.tests.test_signals.TestNewLikeSignal" name="test_private_username_liker_shows_someone_and_no_actor" time="0.017" /><testcase classname="apps.notifications.tests.test_signals.TestNewFollowerSignal" name="test_new_follow_creates_notification_for_followed_user" time="0.014" /><testcase classname="apps.notifications.tests.test_signals.TestNewFollowerSignal" name="test_new_follow_sets_actor" time="0.015" /><testcase classname="apps.notifications.tests.test_signals.TestNewFollowerSignal" name="test_private_username_follower_shows_someone_and_no_actor" time="0.016" /><testcase classname="apps.notifications.tests.test_signals.TestBadgeEarnedSignal" name="test_badge_earned_creates_notification" time="0.015" /><testcase classname="apps.notifications.tests.test_signals.TestBadgeEarnedSignal" name="test_badge_earned_has_no_actor" time="0.014" /><testcase classname="apps.notifications.tests.test_signals.TestBadgeEarnedSignal" name="test_resaving_user_badge_does_not_duplicate_notification" time="0.013" /><testcase classname="apps.notifications.tests.test_signals.TestNewStoryPublishedSignal" name="test_new_published_story_notifies_all_followers" time="0.038" /><testcase classname="apps.notifications.tests.test_signals.TestNewStoryPublishedSignal" name="test_new_published_story_no_notification_when_no_followers" time="0.014" /><testcase classname="apps.notifications.tests.test_signals.TestNewStoryPublishedSignal" name="test_draft_story_does_not_notify_followers" time="0.018" /><testcase classname="apps.notifications.tests.test_signals.TestNewStoryPublishedSignal" name="test_private_username_author_shows_someone_and_no_actor" time="0.024" /><testcase classname="apps.notifications.tests.test_signals.TestStoryRemovedSignal" name="test_story_removed_creates_notification_for_author" time="0.023" /><testcase classname="apps.notifications.tests.test_signals.TestStoryRemovedSignal" name="test_story_removed_sets_story_reference" time="0.022" /><testcase classname="apps.notifications.tests.test_signals.TestStoryRemovedSignal" name="test_saving_already_removed_story_does_not_duplicate_notification" time="0.018" /><testcase classname="apps.notifications.tests.test_signals.TestStoryRemovedSignal" name="test_status_change_not_to_removed_does_not_notify" time="0.015" /><testcase classname="apps.notifications.tests.test_signals.TestReportResolvedSignal" name="test_report_resolved_creates_notification_for_reporter" time="0.021" /><testcase classname="apps.notifications.tests.test_signals.TestReportResolvedSignal" name="test_report_dismissed_creates_notification_for_reporter" time="0.022" /><testcase classname="apps.notifications.tests.test_signals.TestReportResolvedSignal" name="test_saving_already_resolved_report_does_not_duplicate_notification" time="0.025" /><testcase classname="apps.notifications.tests.test_signals.TestReportResolvedSignal" name="test_pending_report_update_does_not_notify" time="0.013" /><testcase classname="apps.notifications.tests.test_views.TestNotificationListView" name="test_list_requires_authentication" time="0.010" /><testcase classname="apps.notifications.tests.test_views.TestNotificationListView" name="test_list_returns_own_notifications" time="0.021" /><testcase classname="apps.notifications.tests.test_views.TestNotificationListView" name="test_list_response_contains_expected_fields" time="0.016" /><testcase classname="apps.notifications.tests.test_views.TestNotificationListView" name="test_list_actor_contains_id_and_username" time="0.015" /><testcase classname="apps.notifications.tests.test_views.TestNotificationListView" name="test_list_unread_notifications_appear_before_read" time="0.016" /><testcase classname="apps.notifications.tests.test_views.TestNotificationListView" name="test_list_empty_inbox_returns_empty_list" time="0.013" /><testcase classname="apps.notifications.tests.test_views.TestNotificationListView" name="test_list_notification_with_null_actor_serializes_correctly" time="0.013" /><testcase classname="apps.notifications.tests.test_views.TestNotificationClearAllView" name="test_clear_all_requires_authentication" time="0.010" /><testcase classname="apps.notifications.tests.test_views.TestNotificationClearAllView" name="test_clear_all_removes_all_user_notifications" time="0.018" /><testcase classname="apps.notifications.tests.test_views.TestNotificationClearAllView" name="test_clear_all_does_not_affect_other_users_notifications" time="0.013" /><testcase classname="apps.notifications.tests.test_views.TestNotificationMarkReadView" name="test_mark_read_requires_authentication" time="0.010" /><testcase classname="apps.notifications.tests.test_views.TestNotificationMarkReadView" name="test_mark_notification_as_read" time="0.014" /><testcase classname="apps.notifications.tests.test_views.TestNotificationMarkReadView" name="test_mark_notification_as_unread" time="0.013" /><testcase classname="apps.notifications.tests.test_views.TestNotificationMarkReadView" name="test_mark_read_on_other_users_notification_returns_404" time="0.011" /><testcase classname="apps.notifications.tests.test_views.TestNotificationMarkReadView" name="test_mark_read_with_missing_body_returns_400" time="0.012" /><testcase classname="apps.notifications.tests.test_views.TestNotificationMarkReadView" name="test_mark_read_nonexistent_notification_returns_404" time="0.010" /><testcase classname="apps.notifications.tests.test_views.TestNotificationDetailView" name="test_delete_requires_authentication" time="0.009" /><testcase classname="apps.notifications.tests.test_views.TestNotificationDetailView" name="test_delete_own_notification" time="0.014" /><testcase classname="apps.notifications.tests.test_views.TestNotificationDetailView" name="test_delete_other_users_notification_returns_404" time="0.014" /><testcase classname="apps.notifications.tests.test_views.TestNotificationDetailView" name="test_delete_nonexistent_notification_returns_404" time="0.011" /><testcase classname="apps.notifications.tests.test_views.TestNotificationPreferenceView" name="test_get_requires_authentication" time="0.008" /><testcase classname="apps.notifications.tests.test_views.TestNotificationPreferenceView" name="test_patch_requires_authentication" time="0.007" /><testcase classname="apps.notifications.tests.test_views.TestNotificationPreferenceView" name="test_get_returns_all_types_defaulting_to_true" time="0.008" /><testcase classname="apps.notifications.tests.test_views.TestNotificationPreferenceView" name="test_get_includes_notifications_muted_false_by_default" time="0.009" /><testcase classname="apps.notifications.tests.test_views.TestNotificationPreferenceView" name="test_get_reflects_saved_disabled_preference" time="0.011" /><testcase classname="apps.notifications.tests.test_views.TestNotificationPreferenceView" name="test_patch_updates_single_type" time="0.016" /><testcase classname="apps.notifications.tests.test_views.TestNotificationPreferenceView" name="test_patch_updates_multiple_types" time="0.019" /><testcase classname="apps.notifications.tests.test_views.TestNotificationPreferenceView" name="test_patch_sets_notifications_muted" time="0.017" /><testcase classname="apps.notifications.tests.test_views.TestNotificationPreferenceView" name="test_patch_notifications_muted_suppresses_create_notification" time="0.016" /><testcase classname="apps.notifications.tests.test_views.TestNotificationPreferenceView" name="test_patch_with_empty_body_returns_200_and_unchanged_state" time="0.011" /><testcase classname="apps.notifications.tests.test_views.TestNotificationPreferenceView" name="test_patch_with_invalid_field_is_ignored" time="0.009" /><testcase classname="apps.reports.tests.test_models.TestReport" name="test_report_on_story_can_be_created" time="0.071" /><testcase classname="apps.reports.tests.test_models.TestReport" name="test_report_on_comment_can_be_created" time="0.011" /><testcase classname="apps.reports.tests.test_models.TestReport" name="test_status_defaults_to_pending" time="0.012" /><testcase classname="apps.reports.tests.test_models.TestReport" name="test_resolution_outcome_defaults_to_blank" time="0.013" /><testcase classname="apps.reports.tests.test_models.TestReport" name="test_created_at_is_set_automatically" time="0.012" /><testcase classname="apps.reports.tests.test_models.TestReport" name="test_resolved_at_defaults_to_none" time="0.012" /><testcase classname="apps.reports.tests.test_models.TestReport" name="test_all_report_reasons_are_accepted" time="0.036" /><testcase classname="apps.reports.tests.test_models.TestReport" name="test_reporter_set_null_when_user_is_deleted" time="0.032" /><testcase classname="apps.reports.tests.test_models.TestReport" name="test_report_deleted_when_story_is_deleted" time="0.028" /><testcase classname="apps.reports.tests.test_models.TestReport" name="test_report_deleted_when_comment_is_deleted" time="0.018" /><testcase classname="apps.reports.tests.test_models.TestReport" name="test_duplicate_story_report_by_same_user_raises" time="0.014" /><testcase classname="apps.reports.tests.test_models.TestReport" name="test_duplicate_comment_report_by_same_user_raises" time="0.013" /><testcase classname="apps.reports.tests.test_models.TestReport" name="test_different_users_can_report_same_story" time="0.015" /><testcase classname="apps.reports.tests.test_models.TestReport" name="test_same_user_can_report_story_and_comment_separately" time="0.014" /><testcase classname="apps.reports.tests.test_models.TestReport" name="test_str_contains_pk_and_reason" time="0.011" /><testcase classname="apps.reports.tests.test_serializers.TestReportResponseSerializer" name="test_get_target_id_returns_story_id_for_story_report" time="0.012" /><testcase classname="apps.reports.tests.test_serializers.TestReportResponseSerializer" name="test_get_target_type_returns_story_for_story_report" time="0.013" /><testcase classname="apps.reports.tests.test_serializers.TestReportResponseSerializer" name="test_get_target_id_returns_comment_id_for_comment_report" time="0.014" /><testcase classname="apps.reports.tests.test_serializers.TestReportResponseSerializer" name="test_get_target_type_returns_comment_for_comment_report" time="0.014" /><testcase classname="apps.reports.tests.test_serializers.TestReportResponseSerializer" name="test_response_contains_all_expected_fields" time="0.013" /><testcase classname="apps.reports.tests.test_serializers.TestReportResponseSerializer" name="test_status_field_is_pending_by_default" time="0.013" /><testcase classname="apps.reports.tests.test_serializers.TestReportSerializer" name="test_story_report_serializes_all_fields" time="0.013" /><testcase classname="apps.reports.tests.test_serializers.TestReportSerializer" name="test_comment_report_has_correct_target_type" time="0.017" /><testcase classname="apps.reports.tests.test_serializers.TestReportSerializer" name="test_null_reporter_is_handled" time="0.016" /><testcase classname="apps.reports.tests.test_serializers.TestReportSerializer" name="test_resolved_by_is_included_after_resolution" time="0.015" /><testcase classname="apps.reports.tests.test_serializers.TestReportSerializer" name="test_null_resolved_by_is_handled" time="0.015" /><testcase classname="apps.reports.tests.test_serializers.TestReportResolveSerializer" name="test_accepts_blank_resolution_note" time="0.004" /><testcase classname="apps.reports.tests.test_serializers.TestReportResolveSerializer" name="test_accepts_non_blank_resolution_note" time="0.003" /><testcase classname="apps.reports.tests.test_serializers.TestReportResolveSerializer" name="test_accepts_explicit_empty_string" time="0.003" /><testcase classname="apps.reports.tests.test_services.TestSubmitReport" name="test_returns_report_instance_for_story" time="0.013" /><testcase classname="apps.reports.tests.test_services.TestSubmitReport" name="test_story_report_fields_saved_correctly" time="0.016" /><testcase classname="apps.reports.tests.test_services.TestSubmitReport" name="test_returns_report_instance_for_comment" time="0.019" /><testcase classname="apps.reports.tests.test_services.TestSubmitReport" name="test_comment_report_fields_saved_correctly" time="0.024" /><testcase classname="apps.reports.tests.test_services.TestSubmitReport" name="test_description_defaults_to_empty_string" time="0.023" /><testcase classname="apps.reports.tests.test_services.TestSubmitReport" name="test_status_defaults_to_pending" time="0.017" /><testcase classname="apps.reports.tests.test_services.TestSubmitReport" name="test_nonexistent_story_raises_404" time="0.010" /><testcase classname="apps.reports.tests.test_services.TestSubmitReport" name="test_nonexistent_comment_raises_404" time="0.011" /><testcase classname="apps.reports.tests.test_services.TestSubmitReport" name="test_draft_story_raises_validation_error" time="0.012" /><testcase classname="apps.reports.tests.test_services.TestSubmitReport" name="test_removed_story_raises_validation_error" time="0.014" /><testcase classname="apps.reports.tests.test_services.TestSubmitReport" name="test_reporting_own_story_raises_validation_error" time="0.013" /><testcase classname="apps.reports.tests.test_services.TestSubmitReport" name="test_reporting_own_comment_raises_validation_error" time="0.013" /><testcase classname="apps.reports.tests.test_services.TestSubmitReport" name="test_duplicate_story_report_raises_validation_error" time="0.018" /><testcase classname="apps.reports.tests.test_services.TestSubmitReport" name="test_duplicate_comment_report_raises_validation_error" time="0.021" /><testcase classname="apps.reports.tests.test_services.TestListReports" name="test_returns_all_reports_when_no_status_filter" time="0.018" /><testcase classname="apps.reports.tests.test_services.TestListReports" name="test_returns_only_pending_when_filtered" time="0.020" /><testcase classname="apps.reports.tests.test_services.TestListReports" name="test_returns_only_resolved_when_filtered" time="0.014" /><testcase classname="apps.reports.tests.test_services.TestListReports" name="test_returns_only_dismissed_when_filtered" time="0.017" /><testcase classname="apps.reports.tests.test_services.TestListReports" name="test_ordered_by_newest_first" time="0.026" /><testcase classname="apps.reports.tests.test_services.TestResolveReport" name="test_sets_status_resolved_and_records_admin" time="0.019" /><testcase classname="apps.reports.tests.test_services.TestResolveReport" name="test_blank_note_leaves_resolution_outcome_empty" time="0.018" /><testcase classname="apps.reports.tests.test_services.TestResolveReport" name="test_persists_changes_to_db" time="0.021" /><testcase classname="apps.reports.tests.test_services.TestResolveReport" name="test_raises_404_for_nonexistent_report" time="0.012" /><testcase classname="apps.reports.tests.test_views.TestReportCreate" name="test_report_story_returns_201" time="0.016" /><testcase classname="apps.reports.tests.test_views.TestReportCreate" name="test_report_comment_returns_201" time="0.024" /><testcase classname="apps.reports.tests.test_views.TestReportCreate" name="test_report_story_creates_db_record" time="0.017" /><testcase classname="apps.reports.tests.test_views.TestReportCreate" name="test_report_comment_creates_db_record" time="0.024" /><testcase classname="apps.reports.tests.test_views.TestReportCreate" name="test_report_status_is_pending" time="0.020" /><testcase classname="apps.reports.tests.test_views.TestReportCreate" name="test_response_contains_expected_fields" time="0.024" /><testcase classname="apps.reports.tests.test_views.TestReportCreate" name="test_response_target_type_and_id_match_story" time="0.023" /><testcase classname="apps.reports.tests.test_views.TestReportCreate" name="test_response_target_type_and_id_match_comment" time="0.026" /><testcase classname="apps.reports.tests.test_views.TestReportCreate" name="test_description_is_optional" time="0.019" /><testcase classname="apps.reports.tests.test_views.TestReportCreate" name="test_all_valid_reasons_accepted" time="0.070" /><testcase classname="apps.reports.tests.test_views.TestReportCreate" name="test_unauthenticated_returns_401" time="0.013" /><testcase classname="apps.reports.tests.test_views.TestReportCreate" name="test_missing_target_type_returns_400" time="0.013" /><testcase classname="apps.reports.tests.test_views.TestReportCreate" name="test_missing_target_id_returns_400" time="0.009" /><testcase classname="apps.reports.tests.test_views.TestReportCreate" name="test_missing_reason_returns_400" time="0.015" /><testcase classname="apps.reports.tests.test_views.TestReportCreate" name="test_invalid_target_type_returns_400" time="0.014" /><testcase classname="apps.reports.tests.test_views.TestReportCreate" name="test_invalid_reason_returns_400" time="0.012" /><testcase classname="apps.reports.tests.test_views.TestReportCreate" name="test_nonexistent_story_returns_404" time="0.013" /><testcase classname="apps.reports.tests.test_views.TestReportCreate" name="test_nonexistent_comment_returns_404" time="0.010" /><testcase classname="apps.reports.tests.test_views.TestReportCreate" name="test_removed_story_returns_400" time="0.016" /><testcase classname="apps.reports.tests.test_views.TestReportCreate" name="test_draft_story_returns_400" time="0.014" /><testcase classname="apps.reports.tests.test_views.TestReportCreate" name="test_duplicate_story_report_returns_400" time="0.023" /><testcase classname="apps.reports.tests.test_views.TestReportCreate" name="test_duplicate_comment_report_returns_400" time="0.023" /><testcase classname="apps.reports.tests.test_views.TestReportCreate" name="test_reporting_own_story_returns_400" time="0.012" /><testcase classname="apps.reports.tests.test_views.TestReportCreate" name="test_reporting_own_comment_returns_400" time="0.020" /><testcase classname="apps.reports.tests.test_views.TestAdminReportListView" name="test_unauthenticated_returns_401" time="0.005" /><testcase classname="apps.reports.tests.test_views.TestAdminReportListView" name="test_regular_user_returns_403" time="0.013" /><testcase classname="apps.reports.tests.test_views.TestAdminReportListView" name="test_admin_returns_200_with_paginated_results" time="0.023" /><testcase classname="apps.reports.tests.test_views.TestAdminReportListView" name="test_filter_by_pending_returns_only_pending" time="0.025" /><testcase classname="apps.reports.tests.test_views.TestAdminReportListView" name="test_filter_by_resolved_returns_only_resolved" time="0.023" /><testcase classname="apps.reports.tests.test_views.TestAdminReportListView" name="test_filter_by_dismissed_returns_only_dismissed" time="0.021" /><testcase classname="apps.reports.tests.test_views.TestAdminReportListView" name="test_invalid_status_returns_400" time="0.010" /><testcase classname="apps.reports.tests.test_views.TestAdminReportListView" name="test_response_includes_reporter_and_target_fields" time="0.021" /><testcase classname="apps.reports.tests.test_views.TestAdminReportResolveView" name="test_unauthenticated_returns_401" time="0.015" /><testcase classname="apps.reports.tests.test_views.TestAdminReportResolveView" name="test_regular_user_returns_403" time="0.018" /><testcase classname="apps.reports.tests.test_views.TestAdminReportResolveView" name="test_admin_resolves_report_and_returns_200" time="0.029" /><testcase classname="apps.reports.tests.test_views.TestAdminReportResolveView" name="test_resolution_note_is_stored" time="0.023" /><testcase classname="apps.reports.tests.test_views.TestAdminReportResolveView" name="test_empty_body_uses_blank_note" time="0.024" /><testcase classname="apps.reports.tests.test_views.TestAdminReportResolveView" name="test_nonexistent_report_returns_404" time="0.012" /><testcase classname="apps.stories.tests.test_admin_views.TestAdminStoryRemoval" name="test_admin_remove_story_returns_204" time="0.075" /><testcase classname="apps.stories.tests.test_admin_views.TestAdminStoryRemoval" name="test_remove_sets_status_to_removed" time="0.023" /><testcase classname="apps.stories.tests.test_admin_views.TestAdminStoryRemoval" name="test_remove_stores_moderation_reason" time="0.022" /><testcase classname="apps.stories.tests.test_admin_views.TestAdminStoryRemoval" name="test_moderation_reason_is_required" time="0.012" /><testcase classname="apps.stories.tests.test_admin_views.TestAdminStoryRemoval" name="test_blank_moderation_reason_is_rejected" time="0.016" /><testcase classname="apps.stories.tests.test_admin_views.TestAdminStoryRemoval" name="test_non_admin_gets_403" time="0.012" /><testcase classname="apps.stories.tests.test_admin_views.TestAdminStoryRemoval" name="test_unauthenticated_gets_401" time="0.012" /><testcase classname="apps.stories.tests.test_admin_views.TestAdminStoryRemoval" name="test_nonexistent_story_gets_404" time="0.015" /><testcase classname="apps.stories.tests.test_admin_views.TestAdminStoryRemoval" name="test_already_removed_story_is_idempotent" time="0.028" /><testcase classname="apps.stories.tests.test_models.TestStoryModel" name="test_create_story_with_required_fields_succeeds" time="0.009" /><testcase classname="apps.stories.tests.test_models.TestStoryModel" name="test_create_story_without_user_succeeds" time="0.009" /><testcase classname="apps.stories.tests.test_models.TestStoryModel" name="test_create_story_defaults_to_published_status" time="0.007" /><testcase classname="apps.stories.tests.test_models.TestStoryModel" name="test_contributor_visible_defaults_to_true" time="0.009" /><testcase classname="apps.stories.tests.test_models.TestStoryModel" name="test_moderation_reason_defaults_to_empty_string" time="0.008" /><testcase classname="apps.stories.tests.test_models.TestStoryModel" name="test_like_count_and_save_count_default_to_zero" time="0.008" /><testcase classname="apps.stories.tests.test_models.TestStoryModel" name="test_region_defaults_to_empty_string" time="0.010" /><testcase classname="apps.stories.tests.test_models.TestStoryModel" name="test_create_story_with_region" time="0.007" /><testcase classname="apps.stories.tests.test_models.TestStoryModel" name="test_create_story_with_year_range_time_type" time="0.007" /><testcase classname="apps.stories.tests.test_models.TestStoryModel" name="test_create_story_with_decade_time_type" time="0.008" /><testcase classname="apps.stories.tests.test_models.TestStoryModel" name="test_create_story_with_approximate_year_time_type" time="0.006" /><testcase classname="apps.stories.tests.test_models.TestStoryModel" name="test_story_user_set_null_after_account_deletion" time="0.029" /><testcase classname="apps.stories.tests.test_models.TestStoryModel" name="test_story_str_returns_title" time="0.008" /><testcase classname="apps.stories.tests.test_models.TestStoryModel" name="test_create_story_with_removed_status" time="0.007" /><testcase classname="apps.stories.tests.test_models.TestStoryModel" name="test_create_story_with_draft_status" time="0.006" /><testcase classname="apps.stories.tests.test_models.TestStoryModel" name="test_create_story_with_blank_title_fails_validation" time="0.003" /><testcase classname="apps.stories.tests.test_models.TestStoryModel" name="test_clean_raises_when_year_range_missing_year_end" time="0.003" /><testcase classname="apps.stories.tests.test_models.TestStoryModel" name="test_clean_raises_when_exact_year_missing_year" time="0.003" /><testcase classname="apps.stories.tests.test_models.TestStoryModel" name="test_create_story_with_exact_date_only" time="0.007" /><testcase classname="apps.stories.tests.test_models.TestStoryModel" name="test_create_story_with_exact_date_and_time" time="0.006" /><testcase classname="apps.stories.tests.test_models.TestStoryModel" name="test_clean_raises_when_exact_date_missing_date_value" time="0.003" /><testcase classname="apps.stories.tests.test_serializers.TestStoryFeedSerializer" name="test_returns_all_required_card_fields" time="0.018" /><testcase classname="apps.stories.tests.test_serializers.TestStoryFeedSerializer" name="test_returns_interaction_counts" time="0.009" /><testcase classname="apps.stories.tests.test_serializers.TestStoryFeedSerializer" name="test_returns_preview_text_truncated_to_20_words" time="0.011" /><testcase classname="apps.stories.tests.test_serializers.TestStoryFeedSerializer" name="test_returns_full_text_when_narrative_is_shorter_than_20_words" time="0.010" /><testcase classname="apps.stories.tests.test_serializers.TestStoryFeedSerializer" name="test_shows_contributor_name_when_visible" time="0.012" /><testcase classname="apps.stories.tests.test_serializers.TestStoryFeedSerializer" name="test_hides_contributor_name_when_not_visible" time="0.012" /><testcase classname="apps.stories.tests.test_serializers.TestStoryFeedSerializer" name="test_contributor_name_is_none_when_user_is_anonymized" time="0.010" /><testcase classname="apps.stories.tests.test_serializers.TestStoryFeedSerializer" name="test_returns_correct_title_and_location" time="0.010" /><testcase classname="apps.stories.tests.test_serializers.TestStoryFeedSerializer" name="test_returns_year_range_fields" time="0.012" /><testcase classname="apps.stories.tests.test_serializers.TestStoryFeedSerializer" name="test_returns_correct_status" time="0.011" /><testcase classname="apps.stories.tests.test_serializers.TestStorySerializerFields" name="test_serializer_contains_expected_fields" time="0.013" /><testcase classname="apps.stories.tests.test_serializers.TestStorySerializerFields" name="test_read_only_fields_are_not_writable" time="0.005" /><testcase classname="apps.stories.tests.test_serializers.TestStorySerializerFields" name="test_contributor_name_returns_username_when_visible" time="0.013" /><testcase classname="apps.stories.tests.test_serializers.TestStorySerializerFields" name="test_contributor_name_is_none_when_not_visible" time="0.012" /><testcase classname="apps.stories.tests.test_serializers.TestStorySerializerFields" name="test_contributor_name_is_none_when_user_is_anonymized" time="0.010" /><testcase classname="apps.stories.tests.test_serializers.TestStorySerializerValidation" name="test_validate_status_blocks_removed" time="0.005" /><testcase classname="apps.stories.tests.test_serializers.TestStorySerializerValidation" name="test_validate_status_allows_draft" time="0.007" /><testcase classname="apps.stories.tests.test_serializers.TestStorySerializerValidation" name="test_validate_status_allows_published" time="0.005" /><testcase classname="apps.stories.tests.test_serializers.TestStorySerializerValidation" name="test_validate_raises_when_exact_year_and_year_missing" time="0.007" /><testcase classname="apps.stories.tests.test_serializers.TestStorySerializerValidation" name="test_validate_raises_when_
[...]
y_to_recent_when_omitted" time="0.002" /><testcase classname="apps.stories.tests.test_serializers.TestSearchQuerySerializer" name="test_filter_params_are_optional" time="0.002" /><testcase classname="apps.stories.tests.test_serializers.TestFeedQuerySerializerGeoValidation" name="test_all_three_geo_params_is_valid" time="0.002" /><testcase classname="apps.stories.tests.test_serializers.TestFeedQuerySerializerGeoValidation" name="test_no_geo_params_is_valid" time="0.002" /><testcase classname="apps.stories.tests.test_serializers.TestFeedQuerySerializerGeoValidation" name="test_no_geo_params_with_other_filters_is_valid" time="0.002" /><testcase classname="apps.stories.tests.test_serializers.TestFeedQuerySerializerGeoValidation" name="test_radius_km_accepts_common_values" time="0.006" /><testcase classname="apps.stories.tests.test_serializers.TestFeedQuerySerializerGeoValidation" name="test_geo_params_combined_with_year_filter_is_valid" time="0.002" /><testcase classname="apps.stories.tests.test_serializers.TestFeedQuerySerializerGeoValidation" name="test_geo_params_combined_with_tag_filter_is_valid" time="0.003" /><testcase classname="apps.stories.tests.test_serializers.TestFeedQuerySerializerGeoValidation" name="test_multi_tags_list_is_valid" time="0.002" /><testcase classname="apps.stories.tests.test_serializers.TestFeedQuerySerializerGeoValidation" name="test_empty_tags_list_is_invalid" time="0.003" /><testcase classname="apps.stories.tests.test_serializers.TestFeedQuerySerializerGeoValidation" name="test_latitude_only_is_invalid" time="0.003" /><testcase classname="apps.stories.tests.test_serializers.TestFeedQuerySerializerGeoValidation" name="test_longitude_only_is_invalid" time="0.003" /><testcase classname="apps.stories.tests.test_serializers.TestFeedQuerySerializerGeoValidation" name="test_radius_km_only_is_invalid" time="0.003" /><testcase classname="apps.stories.tests.test_serializers.TestFeedQuerySerializerGeoValidation" name="test_latitude_and_longitude_without_radius_is_invalid" time="0.003" /><testcase classname="apps.stories.tests.test_serializers.TestFeedQuerySerializerGeoValidation" name="test_latitude_and_radius_without_longitude_is_invalid" time="0.003" /><testcase classname="apps.stories.tests.test_serializers.TestFeedQuerySerializerGeoValidation" name="test_longitude_and_radius_without_latitude_is_invalid" time="0.003" /><testcase classname="apps.stories.tests.test_serializers.TestFeedQuerySerializerGeoValidation" name="test_latitude_above_90_is_invalid" time="0.003" /><testcase classname="apps.stories.tests.test_serializers.TestFeedQuerySerializerGeoValidation" name="test_latitude_below_minus_90_is_invalid" time="0.003" /><testcase classname="apps.stories.tests.test_serializers.TestFeedQuerySerializerGeoValidation" name="test_latitude_at_boundary_values_is_valid" time="0.004" /><testcase classname="apps.stories.tests.test_serializers.TestFeedQuerySerializerGeoValidation" name="test_longitude_above_180_is_invalid" time="0.002" /><testcase classname="apps.stories.tests.test_serializers.TestFeedQuerySerializerGeoValidation" name="test_longitude_below_minus_180_is_invalid" time="0.003" /><testcase classname="apps.stories.tests.test_serializers.TestFeedQuerySerializerGeoValidation" name="test_longitude_at_boundary_values_is_valid" time="0.003" /><testcase classname="apps.stories.tests.test_serializers.TestFeedQuerySerializerGeoValidation" name="test_radius_km_of_zero_is_invalid" time="0.008" /><testcase classname="apps.stories.tests.test_serializers.TestFeedQuerySerializerGeoValidation" name="test_radius_km_negative_is_invalid" time="0.002" /><testcase classname="apps.stories.tests.test_serializers.TestFeedQuerySerializerGeoValidation" name="test_geo_and_year_cross_field_validation_coexist" time="0.002" /><testcase classname="apps.stories.tests.test_serializers.TestFeedQuerySerializerGeoValidation" name="test_search_serializer_inherits_geo_validation" time="0.003" /><testcase classname="apps.stories.tests.test_serializers.TestFeedQuerySerializerGeoValidation" name="test_search_serializer_accepts_all_three_geo_params" time="0.003" /><testcase classname="apps.stories.tests.test_serializers.TestFeedQuerySerializerGeoValidation" name="test_radius_km_at_max_is_valid" time="0.002" /><testcase classname="apps.stories.tests.test_serializers.TestFeedQuerySerializerGeoValidation" name="test_radius_km_above_max_is_invalid" time="0.003" /><testcase classname="apps.stories.tests.test_temporal.TestToEdtf" name="test_exact_year" time="0.002" /><testcase classname="apps.stories.tests.test_temporal.TestToEdtf" name="test_approximate_year" time="0.002" /><testcase classname="apps.stories.tests.test_temporal.TestToEdtf" name="test_decade" time="0.002" /><testcase classname="apps.stories.tests.test_temporal.TestToEdtf" name="test_decade_formula" time="0.002" /><testcase classname="apps.stories.tests.test_temporal.TestToEdtf" name="test_year_range" time="0.004" /><testcase classname="apps.stories.tests.test_temporal.TestToEdtf" name="test_negative_exact_year" time="0.002" /><testcase classname="apps.stories.tests.test_temporal.TestToEdtf" name="test_negative_approximate_year" time="0.002" /><testcase classname="apps.stories.tests.test_temporal.TestToEdtf" name="test_negative_decade" time="0.001" /><testcase classname="apps.stories.tests.test_temporal.TestToEdtf" name="test_unknown_time_type_raises_value_error" time="0.002" /><testcase classname="apps.stories.tests.test_temporal.TestToEdtf" name="test_none_year_raises_value_error_for_exact_year" time="0.002" /><testcase classname="apps.stories.tests.test_temporal.TestToEdtf" name="test_exact_date_without_time" time="0.002" /><testcase classname="apps.stories.tests.test_temporal.TestToEdtf" name="test_exact_date_with_time" time="0.002" /><testcase classname="apps.stories.tests.test_temporal.TestToEdtf" name="test_exact_date_none_date_value_raises" time="0.002" /><testcase classname="apps.stories.tests.test_temporal.TestToIso8601" name="test_exact_year" time="0.002" /><testcase classname="apps.stories.tests.test_temporal.TestToIso8601" name="test_approximate_year_strips_approximation" time="0.002" /><testcase classname="apps.stories.tests.test_temporal.TestToIso8601" name="test_decade" time="0.002" /><testcase classname="apps.stories.tests.test_temporal.TestToIso8601" name="test_decade_formula" time="0.002" /><testcase classname="apps.stories.tests.test_temporal.TestToIso8601" name="test_year_range" time="0.002" /><testcase classname="apps.stories.tests.test_temporal.TestToIso8601" name="test_negative_exact_year" time="0.002" /><testcase classname="apps.stories.tests.test_temporal.TestToIso8601" name="test_negative_approximate_year" time="0.002" /><testcase classname="apps.stories.tests.test_temporal.TestToIso8601" name="test_negative_decade" time="0.001" /><testcase classname="apps.stories.tests.test_temporal.TestToIso8601" name="test_unknown_time_type_raises_value_error" time="0.001" /><testcase classname="apps.stories.tests.test_temporal.TestToIso8601" name="test_none_year_raises_value_error_for_exact_year" time="0.001" /><testcase classname="apps.stories.tests.test_temporal.TestToIso8601" name="test_exact_date_without_time" time="0.002" /><testcase classname="apps.stories.tests.test_temporal.TestToIso8601" name="test_exact_date_with_time" time="0.002" /><testcase classname="apps.stories.tests.test_temporal.TestToIso8601" name="test_exact_date_none_date_value_raises" time="0.002" /><testcase classname="apps.tags.tests.test_services.TestNormalizeTagName" name="test_lowercase" time="0.089" /><testcase classname="apps.tags.tests.test_services.TestNormalizeTagName" name="test_spaces_to_hyphens" time="0.002" /><testcase classname="apps.tags.tests.test_services.TestNormalizeTagName" name="test_underscores_to_hyphens" time="0.002" /><testcase classname="apps.tags.tests.test_services.TestNormalizeTagName" name="test_strips_special_characters" time="0.002" /><testcase classname="apps.tags.tests.test_services.TestNormalizeTagName" name="test_collapses_consecutive_hyphens" time="0.001" /><testcase classname="apps.tags.tests.test_services.TestNormalizeTagName" name="test_strips_leading_and_trailing_hyphens" time="0.001" /><testcase classname="apps.tags.tests.test_services.TestNormalizeTagName" name="test_mixed_input" time="0.001" /><testcase classname="apps.users.tests.test_permissions.TestCanManageOwnProfile" name="test_owner_can_manage_own_profile" time="0.081" /><testcase classname="apps.users.tests.test_permissions.TestCanManageOwnProfile" name="test_admin_can_manage_any_profile" time="0.002" /><testcase classname="apps.users.tests.test_permissions.TestCanManageOwnProfile" name="test_registered_user_cannot_manage_other_profile" time="0.005" /><testcase classname="apps.users.tests.test_permissions.TestCanManageOwnProfile" name="test_unauthenticated_user_is_denied_at_request_level" time="0.003" /><testcase classname="apps.users.tests.test_serializers.TestLoginSerializer" name="test_valid_data_passes" time="0.002" /><testcase classname="apps.users.tests.test_serializers.TestLoginSerializer" name="test_missing_email_fails" time="0.002" /><testcase classname="apps.users.tests.test_serializers.TestLoginSerializer" name="test_missing_password_fails" time="0.001" /><testcase classname="apps.users.tests.test_serializers.TestLoginSerializer" name="test_password_is_write_only" time="0.002" /><testcase classname="apps.users.tests.test_serializers.TestProfilePhotoSerializer" name="test_valid_jpeg_passes" time="0.002" /><testcase classname="apps.users.tests.test_serializers.TestProfilePhotoSerializer" name="test_valid_png_passes" time="0.003" /><testcase classname="apps.users.tests.test_serializers.TestProfilePhotoSerializer" name="test_missing_file_fails" time="0.002" /><testcase classname="apps.users.tests.test_serializers.TestProfilePhotoSerializer" name="test_non_image_file_fails" time="0.002" /><testcase classname="apps.users.tests.test_services.TestEmailMisconfigurationWarnings" name="test_no_warning_for_non_smtp_backend" time="0.004" /><testcase classname="apps.users.tests.test_services.TestEmailMisconfigurationWarnings" name="test_no_warning_in_debug_mode" time="0.003" /><testcase classname="apps.users.tests.test_services.TestEmailMisconfigurationWarnings" name="test_warns_when_password_missing_in_production" time="0.002" /><testcase classname="apps.users.tests.test_services.TestEmailMisconfigurationWarnings" name="test_warns_when_from_email_has_example_com_in_production" time="0.002" /><testcase classname="apps.users.tests.test_services.TestEmailMisconfigurationWarnings" name="test_warns_when_from_email_has_yourdomain_example_in_production" time="0.002" /><testcase classname="apps.users.tests.test_services.TestEmailMisconfigurationWarnings" name="test_no_warning_when_fully_configured" time="0.002" /><testcase classname="apps.users.tests.test_startup_warnings.TestEmailMisconfigurationWarning" name="test_smtp_warns_when_password_missing" time="0.002" /><testcase classname="apps.users.tests.test_startup_warnings.TestEmailMisconfigurationWarning" name="test_smtp_no_warning_when_password_set" time="0.002" /><testcase classname="apps.users.tests.test_startup_warnings.TestEmailMisconfigurationWarning" name="test_resend_warns_when_api_key_missing" time="0.003" /><testcase classname="apps.users.tests.test_startup_warnings.TestEmailMisconfigurationWarning" name="test_resend_no_warning_when_api_key_set" time="0.002" /><testcase classname="apps.users.tests.test_startup_warnings.TestEmailMisconfigurationWarning" name="test_warns_on_example_com_sender_resend" time="0.003" /><testcase classname="apps.users.tests.test_startup_warnings.TestEmailMisconfigurationWarning" name="test_warns_on_example_com_sender_smtp" time="0.004" /><testcase classname="apps.users.tests.test_startup_warnings.TestEmailMisconfigurationWarning" name="test_console_backend_skips_all_warnings" time="0.002" /><testcase classname="apps.users.tests.test_startup_warnings.TestFrontendUrlWarning" name="test_warns_when_localhost_in_production" time="0.002" /><testcase classname="apps.users.tests.test_startup_warnings.TestFrontendUrlWarning" name="test_warns_when_loopback_ip_in_production" time="0.002" /><testcase classname="apps.users.tests.test_startup_warnings.TestFrontendUrlWarning" name="test_no_warning_for_production_url" time="0.002" /><testcase classname="apps.users.tests.test_startup_warnings.TestFrontendUrlWarning" name="test_warns_when_frontend_url_is_empty" time="0.002" /><testcase classname="apps.users.tests.test_startup_warnings.TestFrontendUrlWarning" name="test_no_warning_in_debug_mode" time="0.002" /><testcase classname="common.tests.test_email_backend.TestResendEmailBackendSuccess" name="test_returns_one_for_successful_send" time="0.049" /><testcase classname="common.tests.test_email_backend.TestResendEmailBackendSuccess" name="test_posts_to_resend_api_url" time="0.003" /><testcase classname="common.tests.test_email_backend.TestResendEmailBackendSuccess" name="test_sends_bearer_token_in_authorization_header" time="0.003" /><testcase classname="common.tests.test_email_backend.TestResendEmailBackendSuccess" name="test_payload_contains_correct_fields" time="0.119" /><testcase classname="common.tests.test_email_backend.TestResendEmailBackendSuccess" name="test_returns_count_equal_to_number_of_messages_sent" time="0.003" /><testcase classname="common.tests.test_email_backend.TestResendEmailBackendSuccess" name="test_returns_zero_for_empty_message_list" time="0.002" /><testcase classname="common.tests.test_email_backend.TestResendEmailBackendFailure" name="test_raises_on_api_error_by_default" time="0.003" /><testcase classname="common.tests.test_email_backend.TestResendEmailBackendFailure" name="test_fail_silently_suppresses_http_error" time="0.004" /><testcase classname="common.tests.test_email_backend.TestResendEmailBackendFailure" name="test_fail_silently_suppresses_connection_error" time="0.002" /><testcase classname="common.tests.test_email_backend.TestResendEmailBackendFailure" name="test_raises_connection_error_when_not_silent" time="0.002" /><testcase classname="common.tests.test_email_backend.TestResendEmailBackendMissingKey" name="test_raises_value_error_when_api_key_is_empty" time="0.002" /><testcase classname="common.tests.test_email_backend.TestResendEmailBackendMissingKey" name="test_fail_silently_returns_zero_when_api_key_missing" time="0.003" /><testcase classname="common.tests.test_exceptions.TestCustomExceptionHandler" name="test_validation_error_single_field" time="0.002" /><testcase classname="common.tests.test_exceptions.TestCustomExceptionHandler" name="test_validation_error_multiple_fields" time="0.002" /><testcase classname="common.tests.test_exceptions.TestCustomExceptionHandler" name="test_validation_error_multiple_messages_on_one_field" time="0.002" /><testcase classname="common.tests.test_exceptions.TestCustomExceptionHandler" name="test_auth_error_uses_detail" time="0.001" /><testcase classname="common.tests.test_exceptions.TestCustomExceptionHandler" name="test_permission_denied_uses_detail" time="0.002" /><testcase classname="common.tests.test_exceptions.TestCustomExceptionHandler" name="test_non_field_errors_as_list" time="0.002" /><testcase classname="common.tests.test_exceptions.TestCustomExceptionHandler" name="test_non_drf_exception_returns_none" time="0.001" /><testcase classname="common.tests.test_geo.TestHaversineKm" name="test_same_point_returns_zero" time="0.002" /><testcase classname="common.tests.test_geo.TestHaversineKm" name="test_known_distance_istanbul_to_ankara" time="0.002" /><testcase classname="common.tests.test_geo.TestHaversineKm" name="test_symmetry" time="0.001" /><testcase classname="common.tests.test_geo.TestHaversineKm" name="test_returns_positive_value_for_distinct_points" time="0.001" /><testcase classname="common.tests.test_geo.TestHaversineKm" name="test_one_degree_latitude_is_approximately_111km" time="0.001" /><testcase classname="common.tests.test_geo.TestHaversineKm" name="test_equator_crossing" time="0.002" /><testcase classname="common.tests.test_geo.TestBoundingBox" name="test_returns_bounding_box_namedtuple" time="0.001" /><testcase classname="common.tests.test_geo.TestBoundingBox" name="test_lat_min_less_than_lat_max" time="0.001" /><testcase classname="common.tests.test_geo.TestBoundingBox" name="test_lng_min_less_than_lng_max" time="0.002" /><testcase classname="common.tests.test_geo.TestBoundingBox" name="test_center_point_is_within_box" time="0.001" /><testcase classname="common.tests.test_geo.TestBoundingBox" name="test_larger_radius_produces_larger_box" time="0.002" /><testcase classname="common.tests.test_geo.TestBoundingBox" name="test_near_north_pole_does_not_raise" time="0.001" /><testcase classname="common.tests.test_geo.TestBoundingBox" name="test_near_south_pole_does_not_raise" time="0.002" /><testcase classname="common.tests.test_geo.TestBoundingBox" name="test_lat_clamped_to_90" time="0.002" /><testcase classname="common.tests.test_geo.TestBoundingBox" name="test_lng_clamped_to_180" time="0.002" /><testcase classname="common.tests.test_geo.TestBoundingBox" name="test_lng_clamped_to_minus_180" time="0.002" /><testcase classname="common.tests.test_geo.TestBoundingBox" name="test_points_within_radius_are_inside_box" time="0.002" /><testcase classname="common.tests.test_permissions.TestIsRegisteredUser" name="test_registered_user_is_allowed" time="0.003" /><testcase classname="common.tests.test_permissions.TestIsRegisteredUser" name="test_admin_is_allowed" time="0.003" /><testcase classname="common.tests.test_permissions.TestIsRegisteredUser" name="test_unauthenticated_is_denied" time="0.002" /><testcase classname="common.tests.test_permissions.TestIsAdminUser" name="test_admin_is_allowed" time="0.002" /><testcase classname="common.tests.test_permissions.TestIsAdminUser" name="test_registered_user_is_denied" time="0.002" /><testcase classname="common.tests.test_permissions.TestIsAdminUser" name="test_unauthenticated_is_denied" time="0.002" /><testcase classname="common.tests.test_permissions.TestIsGuest" name="test_unauthenticated_is_allowed" time="0.003" /><testcase classname="common.tests.test_permissions.TestIsGuest" name="test_authenticated_registered_user_is_denied" time="0.002" /><testcase classname="common.tests.test_permissions.TestIsGuest" name="test_authenticated_admin_is_denied" time="0.003" /><testcase classname="common.tests.test_permissions.TestIsOwnerOrAdmin" name="test_unauthenticated_is_denied_at_request_level" time="0.002" /><testcase classname="common.tests.test_permissions.TestIsOwnerOrAdmin" name="test_owner_can_access_own_object" time="0.003" /><testcase classname="common.tests.test_permissions.TestIsOwnerOrAdmin" name="test_admin_can_access_any_object" time="0.002" /><testcase classname="common.tests.test_permissions.TestIsOwnerOrAdmin" name="test_non_owner_is_denied" time="0.004" /><testcase classname="common.tests.test_permissions.TestIsOwnerOrAdmin" name="test_owner_via_fk_attribute" time="0.002" /><testcase classname="common.tests.test_permissions.TestIsOwnerOrAdmin" name="test_non_owner_via_fk_attribute_is_denied" time="0.003" /><testcase classname="common.tests.test_validators.TestValidatePasswordStrength" name="test_valid_password_passes" time="0.002" /><testcase classname="common.tests.test_validators.TestValidatePasswordStrength" name="test_too_short_raises" time="0.003" /><testcase classname="common.tests.test_validators.TestValidatePasswordStrength" name="test_no_digit_raises" time="0.002" /><testcase classname="common.tests.test_validators.TestValidatePasswordStrength" name="test_no_uppercase_raises" time="0.002" /><testcase classname="common.tests.test_validators.TestValidatePasswordStrength" name="test_no_lowercase_raises" time="0.001" /><testcase classname="common.tests.test_validators.TestValidatePasswordStrength" name="test_multiple_violations_returns_all_errors" time="0.385" /></testsuite></testsuites>